<?xml version="1.0" encoding="UTF-8"?>
<!-- Generated by org.testng.reporters.JUnitReportReporter -->
<testsuite hostname="SagaR-Asus" failures="0" tests="1" name="trainline.TestNGRun" time="29.679" errors="0" timestamp="2021-01-10T11:12:12 GMT" skipped="0">
  <testcase classname="trainline.TestNGRun" name="testCase" time="29.679"/>
  <system-out/>
</testsuite> <!-- trainline.TestNGRun -->
